<?xml version="1.0" encoding="UTF-8"?>
<!-- Generated by org.testng.reporters.JUnitReportReporter -->
<testsuite hostname="DESKTOP-L4CJD00" failures="0" tests="2" name="testNG.Script01" time="0.019" errors="0" timestamp="2024-11-26T12:13:59 IST" skipped="0">
  <testcase classname="testNG.Script01" name="Testcase1" time="0.003"/>
  <system-out>
    <![CDATA[Bye]]>
  </system-out>
  <testcase classname="testNG.Script01" name="Testcase" time="0.016"/>
  <system-out>
    <![CDATA[Hello]]>
  </system-out>
</testsuite> <!-- testNG.Script01 -->
