<?xml version="1.0" encoding="UTF-8"?>
<!-- Generated by org.testng.reporters.JUnitReportReporter -->
<testsuite hostname="DESKTOP-L4CJD00" failures="0" tests="2" name="testNG.Script02" time="0.022" errors="0" timestamp="2024-11-27T11:59:10 IST" skipped="1">
  <testcase classname="testNG.Script02" name="testcase" time="0.022"/>
  <system-out>
    <![CDATA[hello]]>
  </system-out>
  <testcase classname="testNG.Script02" name="testcase1">
    <skipped/>
  </testcase> <!-- testcase1 -->
  <system-out/>
</testsuite> <!-- testNG.Script02 -->
