<?xml version="1.0" encoding="UTF-8"?>
<!-- Generated by org.testng.reporters.JUnitReportReporter -->
<testsuite hostname="DESKTOP-L4CJD00" failures="0" tests="1" name="RunnerScript.Demo1" time="4.648" errors="0" timestamp="2024-12-03T12:29:16 IST" skipped="0">
  <testcase classname="RunnerScript.Demo1" name="validdata" time="4.648"/>
  <system-out/>
</testsuite> <!-- RunnerScript.Demo1 -->
